C:\Program Files (x86)\Microsoft Visual Studio\2019\Community\MSBuild\Microsoft\VC\v160\Microsoft.CppBuild.targets(499,5): warning MSB8004: Output Directory does not end with a trailing slash.  This build instance will add the slash as it is required to allow proper evaluation of the Output Directory.
  g_func.c
D:\GameModQ2\quake2-full\game\g_func.c(428,55): warning C4100: 'activator': unreferenced formal parameter
D:\GameModQ2\quake2-full\game\g_func.c(428,39): warning C4100: 'other': unreferenced formal parameter
D:\GameModQ2\quake2-full\game\g_func.c(436,84): warning C4100: 'surf': unreferenced formal parameter
D:\GameModQ2\quake2-full\game\g_func.c(436,65): warning C4100: 'plane': unreferenced formal parameter
D:\GameModQ2\quake2-full\game\g_func.c(600,82): warning C4100: 'surf': unreferenced formal parameter
D:\GameModQ2\quake2-full\game\g_func.c(600,63): warning C4100: 'plane': unreferenced formal parameter
D:\GameModQ2\quake2-full\game\g_func.c(606,60): warning C4100: 'activator': unreferenced formal parameter
D:\GameModQ2\quake2-full\game\g_func.c(606,44): warning C4100: 'other': unreferenced formal parameter
D:\GameModQ2\quake2-full\game\g_func.c(917,21): warning C4020: 'button_fire': too many actual parameters
D:\GameModQ2\quake2-full\game\g_func.c(920,80): warning C4100: 'surf': unreferenced formal parameter
D:\GameModQ2\quake2-full\game\g_func.c(920,61): warning C4100: 'plane': unreferenced formal parameter
D:\GameModQ2\quake2-full\game\g_func.c(939,21): warning C4020: 'button_fire': too many actual parameters
D:\GameModQ2\quake2-full\game\g_func.c(933,94): warning C4100: 'point': unreferenced formal parameter
D:\GameModQ2\quake2-full\game\g_func.c(933,79): warning C4100: 'damage': unreferenced formal parameter
D:\GameModQ2\quake2-full\game\g_func.c(933,45): warning C4100: 'inflictor': unreferenced formal parameter
D:\GameModQ2\quake2-full\game\g_func.c(1126,40): warning C4100: 'other': unreferenced formal parameter
D:\GameModQ2\quake2-full\game\g_func.c(1157,85): warning C4100: 'surf': unreferenced formal parameter
D:\GameModQ2\quake2-full\game\g_func.c(1157,66): warning C4100: 'plane': unreferenced formal parameter
D:\GameModQ2\quake2-full\game\g_func.c(1290,92): warning C4100: 'point': unreferenced formal parameter
D:\GameModQ2\quake2-full\game\g_func.c(1290,77): warning C4100: 'damage': unreferenced formal parameter
D:\GameModQ2\quake2-full\game\g_func.c(1290,43): warning C4100: 'inflictor': unreferenced formal parameter
D:\GameModQ2\quake2-full\game\g_func.c(1302,78): warning C4100: 'surf': unreferenced formal parameter
D:\GameModQ2\quake2-full\game\g_func.c(1302,59): warning C4100: 'plane': unreferenced formal parameter
D:\GameModQ2\quake2-full\game\g_func.c(1810,41): warning C4100: 'other': unreferenced formal parameter
D:\GameModQ2\quake2-full\game\g_func.c(1876,68): warning C4100: 'activator': unreferenced formal parameter
D:\GameModQ2\quake2-full\game\g_func.c(1954,46): warning C4100: 'other': unreferenced formal parameter
D:\GameModQ2\quake2-full\game\g_func.c(2002,65): warning C4100: 'activator': unreferenced formal parameter
D:\GameModQ2\quake2-full\game\g_func.c(2002,49): warning C4100: 'other': unreferenced formal parameter
D:\GameModQ2\quake2-full\game\g_func.c(2063,63): warning C4100: 'activator': unreferenced formal parameter
D:\GameModQ2\quake2-full\game\g_func.c(2063,47): warning C4100: 'other': unreferenced formal parameter
D:\GameModQ2\quake2-full\game\g_func.c(2137,96): warning C4100: 'point': unreferenced formal parameter
D:\GameModQ2\quake2-full\game\g_func.c(2137,81): warning C4100: 'damage': unreferenced formal parameter
D:\GameModQ2\quake2-full\game\g_func.c(2137,47): warning C4100: 'inflictor': unreferenced formal parameter
D:\GameModQ2\quake2-full\game\g_func.c(2214,59): warning C4100: 'activator': unreferenced formal parameter
D:\GameModQ2\quake2-full\game\g_func.c(2214,43): warning C4100: 'other': unreferenced formal parameter
D:\GameModQ2\quake2-full\game\g_func.c(1036): warning C4706: assignment within conditional expression
D:\GameModQ2\quake2-full\game\g_func.c(752): warning C4700: uninitialized local variable 'normDir' used
     Creating library .\..\release\gamex86.lib and object .\..\release\gamex86.exp
  game.vcxproj -> D:\SteamLibrary\steamapps\common\Quake 2\CoolMod2\gamex86.dll
